<?xml version="1.0" encoding="UTF-8"?>
<testng-results ignored="0" total="1" passed="1" failed="0" skipped="0">
  <reporter-output>
  </reporter-output>
  <suite started-at="2024-07-02T17:06:27 IST" name="Surefire suite" finished-at="2024-07-02T17:06:36 IST" duration-ms="8329">
    <groups>
      <group name="cucumber">
        <method signature="AbstractTestNGCucumberTests.runScenario(io.cucumber.testng.PickleWrapper,io.cucumber.testng.FeatureWrapper)[pri:0, instance:Runner.Heroku_Runner@4313f5bc]" name="runScenario" class="io.cucumber.testng.AbstractTestNGCucumberTests"/>
      </group> <!-- cucumber -->
    </groups>
    <test started-at="2024-07-02T17:06:27 IST" name="Surefire test" finished-at="2024-07-02T17:06:36 IST" duration-ms="8329">
      <class name="Runner.Heroku_Runner">
        <test-method is-config="true" signature="setUpClass(org.testng.ITestContext)[pri:0, instance:Runner.Heroku_Runner@4313f5bc]" started-at="2024-07-02T17:06:27 IST" name="setUpClass" finished-at="2024-07-02T17:06:27 IST" duration-ms="249" status="PASS">
          <params>
            <param index="0">
              <value>
                <![CDATA[org.testng.TestRunner@3af37506]]>
              </value>
            </param>
          </params>
          <reporter-output>
          </reporter-output>
        </test-method> <!-- setUpClass -->
        <test-method signature="runScenario(io.cucumber.testng.PickleWrapper,io.cucumber.testng.FeatureWrapper)[pri:0, instance:Runner.Heroku_Runner@4313f5bc]" started-at="2024-07-02T17:06:28 IST" name="runScenario" description="Runs Cucumber Scenarios" data-provider="scenarios" finished-at="2024-07-02T17:06:36 IST" duration-ms="8025" status="PASS">
          <params>
            <param index="0">
              <value>
                <![CDATA["Validating the login functionality"]]>
              </value>
            </param>
            <param index="1">
              <value>
                <![CDATA["Automating login feature of Heroku web app"]]>
              </value>
            </param>
          </params>
          <reporter-output>
          </reporter-output>
        </test-method> <!-- runScenario -->
        <test-method is-config="true" signature="tearDownClass()[pri:0, instance:Runner.Heroku_Runner@4313f5bc]" started-at="2024-07-02T17:06:36 IST" name="tearDownClass" finished-at="2024-07-02T17:06:36 IST" duration-ms="3" status="PASS">
          <reporter-output>
          </reporter-output>
        </test-method> <!-- tearDownClass -->
      </class> <!-- Runner.Heroku_Runner -->
    </test> <!-- Surefire test -->
  </suite> <!-- Surefire suite -->
</testng-results>
