<?xml version="1.0" encoding="UTF-8"?>
<testng-results ignored="0" total="1" passed="1" failed="0" skipped="0">
  <reporter-output>
  </reporter-output>
  <suite started-at="2024-07-02T12:39:07 IST" name="Default suite" finished-at="2024-07-02T12:39:17 IST" duration-ms="9904">
    <groups>
      <group name="cucumber">
        <method signature="AbstractTestNGCucumberTests.runScenario(io.cucumber.testng.PickleWrapper,io.cucumber.testng.FeatureWrapper)[pri:0, instance:Runner.Heroku_Runner@5149d738]" name="runScenario" class="io.cucumber.testng.AbstractTestNGCucumberTests"/>
      </group> <!-- cucumber -->
    </groups>
    <test started-at="2024-07-02T12:39:07 IST" name="Default test" finished-at="2024-07-02T12:39:17 IST" duration-ms="9904">
      <class name="Runner.Heroku_Runner">
        <test-method is-config="true" signature="setUpClass(org.testng.ITestContext)[pri:0, instance:Runner.Heroku_Runner@5149d738]" started-at="2024-07-02T12:39:07 IST" name="setUpClass" finished-at="2024-07-02T12:39:08 IST" duration-ms="605" status="PASS">
          <params>
            <param index="0">
              <value>
                <![CDATA[org.testng.TestRunner@2ba33e2c]]>
              </value>
            </param>
          </params>
          <reporter-output>
          </reporter-output>
        </test-method> <!-- setUpClass -->
        <test-method signature="runScenario(io.cucumber.testng.PickleWrapper,io.cucumber.testng.FeatureWrapper)[pri:0, instance:Runner.Heroku_Runner@5149d738]" started-at="2024-07-02T12:39:08 IST" name="runScenario" description="Runs Cucumber Scenarios" data-provider="scenarios" finished-at="2024-07-02T12:39:17 IST" duration-ms="9151" status="PASS">
          <params>
            <param index="0">
              <value>
                <![CDATA["Validating the login functionality"]]>
              </value>
            </param>
            <param index="1">
              <value>
                <![CDATA["Automating login feature of Heroku web app"]]>
              </value>
            </param>
          </params>
          <reporter-output>
          </reporter-output>
        </test-method> <!-- runScenario -->
        <test-method is-config="true" signature="tearDownClass()[pri:0, instance:Runner.Heroku_Runner@5149d738]" started-at="2024-07-02T12:39:17 IST" name="tearDownClass" finished-at="2024-07-02T12:39:17 IST" duration-ms="6" status="PASS">
          <reporter-output>
          </reporter-output>
        </test-method> <!-- tearDownClass -->
      </class> <!-- Runner.Heroku_Runner -->
    </test> <!-- Default test -->
  </suite> <!-- Default suite -->
</testng-results>
